<?xml version="1.0" encoding="UTF-8"?>
<!-- Generated by org.testng.reporters.JUnitReportReporter -->
<testsuite skipped="0" hostname="DESKTOP-FUE9VGK" name="RestAssured.VideoGameProject.VGTestCases" tests="5" failures="0" timestamp="2022-09-25T17:31:40 GMT+02:00" time="4.184" errors="0">
  <testcase name="test_getAllVideoGames" time="2.655" classname="RestAssured.VideoGameProject.VGTestCases"/>
  <testcase name="test_addVideoGame" time="0.641" classname="RestAssured.VideoGameProject.VGTestCases"/>
  <testcase name="test_getVideogame" time="0.781" classname="RestAssured.VideoGameProject.VGTestCases"/>
  <testcase name="test_updateVideoGame" time="0.080" classname="RestAssured.VideoGameProject.VGTestCases"/>
  <testcase name="test_deleteVideoGame" time="0.027" classname="RestAssured.VideoGameProject.VGTestCases"/>
</testsuite> <!-- RestAssured.VideoGameProject.VGTestCases -->
